[:00000001] LAUNCH logger logs/server_single_20190416_142053.log
[:00000002] LAUNCH snlua bootstrap
[:00000003] LAUNCH snlua launcher
[:00000004] LAUNCH snlua cdummy
[:00000005] LAUNCH harbor 0 4
[:00000006] LAUNCH snlua datacenterd
[:00000007] LAUNCH snlua service_mgr
[:00000008] LAUNCH snlua main
[:00000008] @./server_single/main.lua:start[22] lv3 Main [Tue Apr 16 14:20:53 2019] --> debug port is:8000
[:00000009] LAUNCH snlua debug_console 8000
[:00000009] Start debug console at 127.0.0.1:8000
[:0000000a] LAUNCH snlua NodeStat
[:0000000b] LAUNCH snlua WatchDog
[:0000000c] LAUNCH snlua gate
[:0000000c] Listen on 0.0.0.0:8100
[:0000000d] LAUNCH snlua LoginService
[:0000000e] LAUNCH snlua DBService
[:0000000f] LAUNCH snlua MySQLService
[:00000010] LAUNCH snlua GameService
[:00000008] KILL self
[:00000002] KILL self
